[05-Jan-2025 08:05:59 Europe/Berlin] Database connection successful: localhost
[05-Jan-2025 08:05:59 Europe/Berlin] PHP Warning:  Undefined variable $pdo in C:\xampp\htdocs\ShoeLand-v1\ShoeLand-v1\handlers\productHandler\productHandler.php on line 15
[05-Jan-2025 08:05:59 Europe/Berlin] PHP Fatal error:  Uncaught Error: Call to a member function prepare() on null in C:\xampp\htdocs\ShoeLand-v1\ShoeLand-v1\handlers\productHandler\productHandler.php:15
Stack trace:
#0 {main}
  thrown in C:\xampp\htdocs\ShoeLand-v1\ShoeLand-v1\handlers\productHandler\productHandler.php on line 15
[05-Jan-2025 08:08:00 Europe/Berlin] Database connection successful: localhost
[05-Jan-2025 08:09:38 Europe/Berlin] Database connection successful: localhost
[05-Jan-2025 08:11:35 Europe/Berlin] Database connection successful: localhost
[05-Jan-2025 08:11:36 Europe/Berlin] Database connection successful: localhost
[05-Jan-2025 08:11:36 Europe/Berlin] Database connection successful: localhost
[05-Jan-2025 08:11:36 Europe/Berlin] Database connection successful: localhost
[05-Jan-2025 08:11:36 Europe/Berlin] Database connection successful: localhost
[05-Jan-2025 08:11:36 Europe/Berlin] Database connection successful: localhost
[05-Jan-2025 08:12:22 Europe/Berlin] Database connection successful: localhost
[05-Jan-2025 08:14:21 Europe/Berlin] Database connection successful: localhost
[05-Jan-2025 08:14:21 Europe/Berlin] PHP Warning:  Undefined variable $pdo in C:\xampp\htdocs\ShoeLand-v1\ShoeLand-v1\handlers\productHandler\productHandler.php on line 15
[05-Jan-2025 08:14:21 Europe/Berlin] PHP Fatal error:  Uncaught Error: Call to a member function prepare() on null in C:\xampp\htdocs\ShoeLand-v1\ShoeLand-v1\handlers\productHandler\productHandler.php:15
Stack trace:
#0 {main}
  thrown in C:\xampp\htdocs\ShoeLand-v1\ShoeLand-v1\handlers\productHandler\productHandler.php on line 15
[05-Jan-2025 17:42:59 Europe/Berlin] Database connection successful: localhost
[05-Jan-2025 17:42:59 Europe/Berlin] PHP Warning:  Undefined variable $pdo in C:\xampp\htdocs\ShoeLand-v1\ShoeLand-v1\handlers\productHandler\productHandler.php on line 15
[05-Jan-2025 17:42:59 Europe/Berlin] PHP Fatal error:  Uncaught Error: Call to a member function prepare() on null in C:\xampp\htdocs\ShoeLand-v1\ShoeLand-v1\handlers\productHandler\productHandler.php:15
Stack trace:
#0 {main}
  thrown in C:\xampp\htdocs\ShoeLand-v1\ShoeLand-v1\handlers\productHandler\productHandler.php on line 15
[05-Jan-2025 18:02:26 Europe/Berlin] Database connection successful: localhost
[05-Jan-2025 18:02:26 Europe/Berlin] PHP Warning:  Undefined variable $pdo in C:\xampp\htdocs\ShoeLand-v1\ShoeLand-v1\handlers\productHandler\productHandler.php on line 15
[05-Jan-2025 18:02:26 Europe/Berlin] PHP Fatal error:  Uncaught Error: Call to a member function prepare() on null in C:\xampp\htdocs\ShoeLand-v1\ShoeLand-v1\handlers\productHandler\productHandler.php:15
Stack trace:
#0 {main}
  thrown in C:\xampp\htdocs\ShoeLand-v1\ShoeLand-v1\handlers\productHandler\productHandler.php on line 15
[05-Jan-2025 18:03:07 Europe/Berlin] Database connection successful: localhost
[05-Jan-2025 18:03:07 Europe/Berlin] PHP Warning:  Undefined variable $pdo in C:\xampp\htdocs\ShoeLand-v1\ShoeLand-v1\handlers\productHandler\productHandler.php on line 15
[05-Jan-2025 18:03:07 Europe/Berlin] PHP Fatal error:  Uncaught Error: Call to a member function prepare() on null in C:\xampp\htdocs\ShoeLand-v1\ShoeLand-v1\handlers\productHandler\productHandler.php:15
Stack trace:
#0 {main}
  thrown in C:\xampp\htdocs\ShoeLand-v1\ShoeLand-v1\handlers\productHandler\productHandler.php on line 15
[05-Jan-2025 18:03:32 Europe/Berlin] Database connection successful: localhost
[05-Jan-2025 18:03:32 Europe/Berlin] PHP Warning:  Undefined variable $pdo in C:\xampp\htdocs\ShoeLand-v1\ShoeLand-v1\handlers\productHandler\productHandler.php on line 15
[05-Jan-2025 18:03:32 Europe/Berlin] PHP Fatal error:  Uncaught Error: Call to a member function prepare() on null in C:\xampp\htdocs\ShoeLand-v1\ShoeLand-v1\handlers\productHandler\productHandler.php:15
Stack trace:
#0 {main}
  thrown in C:\xampp\htdocs\ShoeLand-v1\ShoeLand-v1\handlers\productHandler\productHandler.php on line 15
[05-Jan-2025 18:03:53 Europe/Berlin] Database connection successful: localhost
[05-Jan-2025 18:03:53 Europe/Berlin] PHP Warning:  Undefined variable $pdo in C:\xampp\htdocs\ShoeLand-v1\ShoeLand-v1\handlers\productHandler\productHandler.php on line 15
[05-Jan-2025 18:03:53 Europe/Berlin] PHP Fatal error:  Uncaught Error: Call to a member function prepare() on null in C:\xampp\htdocs\ShoeLand-v1\ShoeLand-v1\handlers\productHandler\productHandler.php:15
Stack trace:
#0 {main}
  thrown in C:\xampp\htdocs\ShoeLand-v1\ShoeLand-v1\handlers\productHandler\productHandler.php on line 15
[05-Jan-2025 18:08:35 Europe/Berlin] Database connection successful to server: localhost, database: ShoeLand
[05-Jan-2025 18:18:58 Europe/Berlin] Database connection successful to server: localhost, database: ShoeLand
[05-Jan-2025 18:28:28 Europe/Berlin] Database connection successful to server: localhost, database: ShoeLand
[05-Jan-2025 18:28:37 Europe/Berlin] Database connection successful to server: localhost, database: ShoeLand
[05-Jan-2025 18:28:41 Europe/Berlin] Database connection successful to server: localhost, database: ShoeLand
[05-Jan-2025 18:28:42 Europe/Berlin] Database connection successful to server: localhost, database: ShoeLand
[05-Jan-2025 18:28:46 Europe/Berlin] Database connection successful to server: localhost, database: ShoeLand
[05-Jan-2025 18:28:55 Europe/Berlin] Database connection successful to server: localhost, database: ShoeLand
[05-Jan-2025 18:29:04 Europe/Berlin] Database connection successful to server: localhost, database: ShoeLand
[05-Jan-2025 18:35:06 Europe/Berlin] Database connection successful to server: localhost, database: ShoeLand
[05-Jan-2025 18:35:10 Europe/Berlin] Database connection successful to server: localhost, database: ShoeLand
[05-Jan-2025 18:35:13 Europe/Berlin] Database connection successful to server: localhost, database: ShoeLand
[05-Jan-2025 18:44:36 Europe/Berlin] Database connection successful to server: localhost, database: ShoeLand
[05-Jan-2025 18:45:26 Europe/Berlin] Database connection successful to server: localhost, database: ShoeLand
[05-Jan-2025 18:46:54 Europe/Berlin] Database connection successful to server: localhost, database: ShoeLand
[05-Jan-2025 18:47:00 Europe/Berlin] Database connection successful to server: localhost, database: ShoeLand
[05-Jan-2025 18:47:01 Europe/Berlin] Database connection successful to server: localhost, database: ShoeLand
[05-Jan-2025 18:47:01 Europe/Berlin] Database connection successful to server: localhost, database: ShoeLand
[05-Jan-2025 18:47:03 Europe/Berlin] Database connection successful to server: localhost, database: ShoeLand
[05-Jan-2025 18:48:11 Europe/Berlin] Database connection successful to server: localhost, database: ShoeLand
[05-Jan-2025 18:49:00 Europe/Berlin] Database connection successful to server: localhost, database: ShoeLand
[05-Jan-2025 18:49:04 Europe/Berlin] Database connection successful to server: localhost, database: ShoeLand
[05-Jan-2025 18:49:19 Europe/Berlin] Database connection successful to server: localhost, database: ShoeLand
[05-Jan-2025 18:50:18 Europe/Berlin] Database connection successful to server: localhost, database: ShoeLand
[05-Jan-2025 18:50:55 Europe/Berlin] Database connection successful to server: localhost, database: ShoeLand
[05-Jan-2025 18:52:04 Europe/Berlin] Database connection successful to server: localhost, database: ShoeLand
[05-Jan-2025 18:55:54 Europe/Berlin] Database connection successful to server: localhost, database: ShoeLand
[05-Jan-2025 18:56:01 Europe/Berlin] Database connection successful to server: localhost, database: ShoeLand
[05-Jan-2025 18:56:10 Europe/Berlin] Database connection successful to server: localhost, database: ShoeLand
[05-Jan-2025 18:56:17 Europe/Berlin] Database connection successful to server: localhost, database: ShoeLand
[05-Jan-2025 18:56:18 Europe/Berlin] Database connection successful to server: localhost, database: ShoeLand
[05-Jan-2025 18:56:20 Europe/Berlin] Database connection successful to server: localhost, database: ShoeLand
[05-Jan-2025 18:56:21 Europe/Berlin] Database connection successful to server: localhost, database: ShoeLand
[05-Jan-2025 18:56:22 Europe/Berlin] Database connection successful to server: localhost, database: ShoeLand
[05-Jan-2025 18:56:23 Europe/Berlin] Database connection successful to server: localhost, database: ShoeLand
[05-Jan-2025 18:56:26 Europe/Berlin] Database connection successful to server: localhost, database: ShoeLand
[05-Jan-2025 18:56:43 Europe/Berlin] Database connection successful to server: localhost, database: ShoeLand
[05-Jan-2025 18:57:39 Europe/Berlin] Database connection successful to server: localhost, database: ShoeLand
[05-Jan-2025 18:58:13 Europe/Berlin] Database connection successful to server: localhost, database: ShoeLand
[05-Jan-2025 18:59:08 Europe/Berlin] Database connection successful to server: localhost, database: ShoeLand
[05-Jan-2025 18:59:52 Europe/Berlin] Database connection successful to server: localhost, database: ShoeLand
[05-Jan-2025 18:59:58 Europe/Berlin] Database connection successful to server: localhost, database: ShoeLand
[05-Jan-2025 19:01:37 Europe/Berlin] Database connection successful to server: localhost, database: ShoeLand
[05-Jan-2025 19:04:21 Europe/Berlin] Database connection successful to server: localhost, database: ShoeLand
[05-Jan-2025 19:04:32 Europe/Berlin] Database connection successful to server: localhost, database: ShoeLand
[05-Jan-2025 19:04:47 Europe/Berlin] Database connection successful to server: localhost, database: ShoeLand
[06-Jan-2025 03:39:17 Europe/Berlin] Database connection successful to server: localhost, database: ShoeLand
[06-Jan-2025 03:39:20 Europe/Berlin] Database connection successful to server: localhost, database: ShoeLand
[06-Jan-2025 03:39:29 Europe/Berlin] Database connection successful to server: localhost, database: ShoeLand
[06-Jan-2025 03:39:36 Europe/Berlin] Database connection successful to server: localhost, database: ShoeLand
[06-Jan-2025 03:39:37 Europe/Berlin] Database connection successful to server: localhost, database: ShoeLand
[06-Jan-2025 03:39:39 Europe/Berlin] Database connection successful to server: localhost, database: ShoeLand
[06-Jan-2025 03:39:47 Europe/Berlin] Database connection successful to server: localhost, database: ShoeLand
[06-Jan-2025 03:39:50 Europe/Berlin] Database connection successful to server: localhost, database: ShoeLand
[06-Jan-2025 03:39:51 Europe/Berlin] Database connection successful to server: localhost, database: ShoeLand
[06-Jan-2025 04:08:26 Europe/Berlin] Database connection successful to server: localhost, database: ShoeLand
[06-Jan-2025 04:08:28 Europe/Berlin] Database connection successful to server: localhost, database: ShoeLand
[06-Jan-2025 04:08:36 Europe/Berlin] Database connection successful to server: localhost, database: ShoeLand
[06-Jan-2025 04:08:37 Europe/Berlin] Database connection successful to server: localhost, database: ShoeLand
[06-Jan-2025 04:08:39 Europe/Berlin] Database connection successful to server: localhost, database: ShoeLand
[06-Jan-2025 04:08:41 Europe/Berlin] Database connection successful to server: localhost, database: ShoeLand
[06-Jan-2025 04:08:51 Europe/Berlin] Database connection successful to server: localhost, database: ShoeLand
[06-Jan-2025 04:08:53 Europe/Berlin] Database connection successful to server: localhost, database: ShoeLand
[06-Jan-2025 04:08:54 Europe/Berlin] Database connection successful to server: localhost, database: ShoeLand
[06-Jan-2025 04:08:54 Europe/Berlin] Database connection successful to server: localhost, database: ShoeLand
[06-Jan-2025 04:08:54 Europe/Berlin] Database connection successful to server: localhost, database: ShoeLand
[06-Jan-2025 04:08:56 Europe/Berlin] Database connection successful to server: localhost, database: ShoeLand
[06-Jan-2025 04:09:04 Europe/Berlin] Database connection successful to server: localhost, database: ShoeLand
[06-Jan-2025 05:14:15 Europe/Berlin] Database connection successful to server: localhost, database: ShoeLand
[06-Jan-2025 05:14:15 Europe/Berlin] PHP Warning:  Undefined variable $conn in C:\xampp\htdocs\ShoeLand-v1\ShoeLand-v1\handlers\registerHandler\registerHandler.php on line 90
[06-Jan-2025 05:14:15 Europe/Berlin] PHP Fatal error:  Uncaught Error: Call to a member function prepare() on null in C:\xampp\htdocs\ShoeLand-v1\ShoeLand-v1\handlers\registerHandler\registerHandler.php:26
Stack trace:
#0 C:\xampp\htdocs\ShoeLand-v1\ShoeLand-v1\handlers\registerHandler\registerHandler.php(90): email_exists(NULL, 'abdullahfy28@gm...')
#1 {main}
  thrown in C:\xampp\htdocs\ShoeLand-v1\ShoeLand-v1\handlers\registerHandler\registerHandler.php on line 26
[06-Jan-2025 05:14:28 Europe/Berlin] Database connection successful to server: localhost, database: ShoeLand
[06-Jan-2025 05:14:28 Europe/Berlin] PHP Warning:  Undefined variable $conn in C:\xampp\htdocs\ShoeLand-v1\ShoeLand-v1\handlers\registerHandler\registerHandler.php on line 90
[06-Jan-2025 05:14:28 Europe/Berlin] PHP Fatal error:  Uncaught Error: Call to a member function prepare() on null in C:\xampp\htdocs\ShoeLand-v1\ShoeLand-v1\handlers\registerHandler\registerHandler.php:26
Stack trace:
#0 C:\xampp\htdocs\ShoeLand-v1\ShoeLand-v1\handlers\registerHandler\registerHandler.php(90): email_exists(NULL, 'abdullahfy28@gm...')
#1 {main}
  thrown in C:\xampp\htdocs\ShoeLand-v1\ShoeLand-v1\handlers\registerHandler\registerHandler.php on line 26
[06-Jan-2025 05:16:02 Europe/Berlin] Database connection successful to server: localhost, database: ShoeLand
[06-Jan-2025 05:16:02 Europe/Berlin] PHP Warning:  Undefined variable $conn in C:\xampp\htdocs\ShoeLand-v1\ShoeLand-v1\handlers\registerHandler\registerHandler.php on line 90
[06-Jan-2025 05:16:02 Europe/Berlin] PHP Fatal error:  Uncaught Error: Call to a member function prepare() on null in C:\xampp\htdocs\ShoeLand-v1\ShoeLand-v1\handlers\registerHandler\registerHandler.php:26
Stack trace:
#0 C:\xampp\htdocs\ShoeLand-v1\ShoeLand-v1\handlers\registerHandler\registerHandler.php(90): email_exists(NULL, 'abdullahfy28@gm...')
#1 {main}
  thrown in C:\xampp\htdocs\ShoeLand-v1\ShoeLand-v1\handlers\registerHandler\registerHandler.php on line 26
[06-Jan-2025 05:34:37 Europe/Berlin] Database connection successful to server: localhost, database: ShoeLand
[06-Jan-2025 05:34:37 Europe/Berlin] PHP Warning:  Undefined variable $conn in C:\xampp\htdocs\ShoeLand-v1\ShoeLand-v1\handlers\registerHandler\registerHandler.php on line 90
[06-Jan-2025 05:34:37 Europe/Berlin] PHP Fatal error:  Uncaught Error: Call to a member function prepare() on null in C:\xampp\htdocs\ShoeLand-v1\ShoeLand-v1\handlers\registerHandler\registerHandler.php:26
Stack trace:
#0 C:\xampp\htdocs\ShoeLand-v1\ShoeLand-v1\handlers\registerHandler\registerHandler.php(90): email_exists(NULL, 'abdullahfy28@gm...')
#1 {main}
  thrown in C:\xampp\htdocs\ShoeLand-v1\ShoeLand-v1\handlers\registerHandler\registerHandler.php on line 26
[06-Jan-2025 05:39:56 Europe/Berlin] [DEBUG] Database connection established successfully to database: ShoeLand
[06-Jan-2025 05:39:56 Europe/Berlin] PHP Fatal error:  Uncaught Error: Call to undefined method PDOStatement::bind_param() in C:\xampp\htdocs\ShoeLand-v1\ShoeLand-v1\handlers\registerHandler\registerHandler.php:32
Stack trace:
#0 C:\xampp\htdocs\ShoeLand-v1\ShoeLand-v1\handlers\registerHandler\registerHandler.php(90): email_exists(Object(PDO), 'abdullahfy28@gm...')
#1 {main}
  thrown in C:\xampp\htdocs\ShoeLand-v1\ShoeLand-v1\handlers\registerHandler\registerHandler.php on line 32
[06-Jan-2025 05:40:52 Europe/Berlin] Database connection successful to server: localhost, database: ShoeLand
[06-Jan-2025 05:40:52 Europe/Berlin] PHP Warning:  Undefined variable $conn in C:\xampp\htdocs\ShoeLand-v1\ShoeLand-v1\handlers\registerHandler\registerHandler.php on line 9
[06-Jan-2025 12:18:30 Europe/Berlin] Database connection successful to server: localhost, database: ShoeLand
[06-Jan-2025 12:18:30 Europe/Berlin] PHP Warning:  Undefined variable $conn in C:\xampp\htdocs\ShoeLand-v1\ShoeLand-v1\handlers\registerHandler\registerHandler.php on line 9
[06-Jan-2025 12:19:38 Europe/Berlin] Database connection successful to server: localhost, database: ShoeLand
[06-Jan-2025 12:19:38 Europe/Berlin] PHP Warning:  Undefined variable $conn in C:\xampp\htdocs\ShoeLand-v1\ShoeLand-v1\handlers\registerHandler\registerHandler.php on line 90
[06-Jan-2025 12:19:38 Europe/Berlin] PHP Fatal error:  Uncaught Error: Call to a member function prepare() on null in C:\xampp\htdocs\ShoeLand-v1\ShoeLand-v1\handlers\registerHandler\registerHandler.php:26
Stack trace:
#0 C:\xampp\htdocs\ShoeLand-v1\ShoeLand-v1\handlers\registerHandler\registerHandler.php(90): email_exists(NULL, 'abdullahfy28@gm...')
#1 {main}
  thrown in C:\xampp\htdocs\ShoeLand-v1\ShoeLand-v1\handlers\registerHandler\registerHandler.php on line 26
[06-Jan-2025 14:19:30 Europe/Berlin] PHP Warning:  Undefined array key "username" in C:\xampp\htdocs\ShoeLand-v1\ShoeLand-v1\handlers\loginHandler\loginHandler.php on line 48
[06-Jan-2025 14:19:30 Europe/Berlin] PHP Deprecated:  trim(): Passing null to parameter #1 ($string) of type string is deprecated in C:\xampp\htdocs\ShoeLand-v1\ShoeLand-v1\handlers\loginHandler\loginHandler.php on line 12
[06-Jan-2025 14:19:30 Europe/Berlin] PHP Warning:  Undefined array key "password" in C:\xampp\htdocs\ShoeLand-v1\ShoeLand-v1\handlers\loginHandler\loginHandler.php on line 49
[06-Jan-2025 14:19:30 Europe/Berlin] PHP Deprecated:  trim(): Passing null to parameter #1 ($string) of type string is deprecated in C:\xampp\htdocs\ShoeLand-v1\ShoeLand-v1\handlers\loginHandler\loginHandler.php on line 12
[06-Jan-2025 14:47:29 Europe/Berlin] PHP Fatal error:  Uncaught Error: Call to a member function prepare() on null in C:\xampp\htdocs\ShoeLand-v1\ShoeLand-v1\handlers\productHandler\productHandler.php:75
Stack trace:
#0 C:\xampp\htdocs\ShoeLand-v1\ShoeLand-v1\handlers\productHandler\productHandler.php(10): getProducts()
#1 {main}
  thrown in C:\xampp\htdocs\ShoeLand-v1\ShoeLand-v1\handlers\productHandler\productHandler.php on line 75
[06-Jan-2025 14:53:24 Europe/Berlin] PHP Fatal error:  Uncaught ArgumentCountError: Number of bind variables doesn't match number of fields in prepared statement in C:\xampp\htdocs\ShoeLand-v1\ShoeLand-v1\handlers\loginHandler\loginHandler.php:34
Stack trace:
#0 C:\xampp\htdocs\ShoeLand-v1\ShoeLand-v1\handlers\loginHandler\loginHandler.php(34): mysqli_stmt->bind_result(NULL, NULL)
#1 C:\xampp\htdocs\ShoeLand-v1\ShoeLand-v1\handlers\loginHandler\loginHandler.php(58): verify_login(Object(mysqli), 'test', 'test')
#2 {main}
  thrown in C:\xampp\htdocs\ShoeLand-v1\ShoeLand-v1\handlers\loginHandler\loginHandler.php on line 34
[06-Jan-2025 14:53:40 Europe/Berlin] PHP Fatal error:  Uncaught ArgumentCountError: Number of bind variables doesn't match number of fields in prepared statement in C:\xampp\htdocs\ShoeLand-v1\ShoeLand-v1\handlers\loginHandler\loginHandler.php:34
Stack trace:
#0 C:\xampp\htdocs\ShoeLand-v1\ShoeLand-v1\handlers\loginHandler\loginHandler.php(34): mysqli_stmt->bind_result(NULL, NULL)
#1 C:\xampp\htdocs\ShoeLand-v1\ShoeLand-v1\handlers\loginHandler\loginHandler.php(58): verify_login(Object(mysqli), 'test', 'test')
#2 {main}
  thrown in C:\xampp\htdocs\ShoeLand-v1\ShoeLand-v1\handlers\loginHandler\loginHandler.php on line 34
[06-Jan-2025 14:55:02 Europe/Berlin] PHP Fatal error:  Uncaught Error: Call to a member function prepare() on null in C:\xampp\htdocs\ShoeLand-v1\ShoeLand-v1\handlers\productHandler\productHandler.php:75
Stack trace:
#0 C:\xampp\htdocs\ShoeLand-v1\ShoeLand-v1\handlers\productHandler\productHandler.php(10): getProducts()
#1 {main}
  thrown in C:\xampp\htdocs\ShoeLand-v1\ShoeLand-v1\handlers\productHandler\productHandler.php on line 75
[07-Jan-2025 06:54:52 Europe/Berlin] PHP Fatal error:  Uncaught Error: Call to a member function prepare() on null in C:\xampp\htdocs\ShoeLand-v1\ShoeLand-v1\handlers\productHandler\productHandler.php:75
Stack trace:
#0 C:\xampp\htdocs\ShoeLand-v1\ShoeLand-v1\handlers\productHandler\productHandler.php(10): getProducts()
#1 {main}
  thrown in C:\xampp\htdocs\ShoeLand-v1\ShoeLand-v1\handlers\productHandler\productHandler.php on line 75
[07-Jan-2025 07:04:21 Europe/Berlin] PHP Fatal error:  Uncaught Error: Call to a member function prepare() on null in C:\xampp\htdocs\ShoeLand-v1\ShoeLand-v1\handlers\productHandler\productHandler.php:75
Stack trace:
#0 C:\xampp\htdocs\ShoeLand-v1\ShoeLand-v1\handlers\productHandler\productHandler.php(10): getProducts()
#1 {main}
  thrown in C:\xampp\htdocs\ShoeLand-v1\ShoeLand-v1\handlers\productHandler\productHandler.php on line 75
[07-Jan-2025 07:25:16 Europe/Berlin] PHP Fatal error:  Uncaught Error: Call to a member function prepare() on null in C:\xampp\htdocs\ShoeLand-v1\ShoeLand-v1\handlers\productHandler\productHandler.php:75
Stack trace:
#0 C:\xampp\htdocs\ShoeLand-v1\ShoeLand-v1\handlers\productHandler\productHandler.php(10): getProducts()
#1 {main}
  thrown in C:\xampp\htdocs\ShoeLand-v1\ShoeLand-v1\handlers\productHandler\productHandler.php on line 75
[07-Jan-2025 07:26:04 Europe/Berlin] PHP Fatal error:  Uncaught Error: Call to a member function prepare() on null in C:\xampp\htdocs\ShoeLand-v1\ShoeLand-v1\handlers\productHandler\productHandler.php:75
Stack trace:
#0 C:\xampp\htdocs\ShoeLand-v1\ShoeLand-v1\handlers\productHandler\productHandler.php(10): getProducts()
#1 {main}
  thrown in C:\xampp\htdocs\ShoeLand-v1\ShoeLand-v1\handlers\productHandler\productHandler.php on line 75
[07-Jan-2025 07:27:22 Europe/Berlin] PHP Fatal error:  Uncaught Error: Call to a member function prepare() on null in C:\xampp\htdocs\ShoeLand-v1\ShoeLand-v1\handlers\productHandler\productHandler.php:75
Stack trace:
#0 C:\xampp\htdocs\ShoeLand-v1\ShoeLand-v1\handlers\productHandler\productHandler.php(10): getProducts()
#1 {main}
  thrown in C:\xampp\htdocs\ShoeLand-v1\ShoeLand-v1\handlers\productHandler\productHandler.php on line 75
[07-Jan-2025 07:43:46 Europe/Berlin] PHP Fatal error:  Uncaught Error: Call to a member function prepare() on null in C:\xampp\htdocs\ShoeLand-v1\ShoeLand-v1\handlers\productHandler\productHandler.php:75
Stack trace:
#0 C:\xampp\htdocs\ShoeLand-v1\ShoeLand-v1\handlers\productHandler\productHandler.php(10): getProducts()
#1 {main}
  thrown in C:\xampp\htdocs\ShoeLand-v1\ShoeLand-v1\handlers\productHandler\productHandler.php on line 75
[07-Jan-2025 08:00:58 Europe/Berlin] PHP Fatal error:  Uncaught Error: Call to a member function prepare() on null in C:\xampp\htdocs\ShoeLand-v1\ShoeLand-v1\handlers\productHandler\productHandler.php:75
Stack trace:
#0 C:\xampp\htdocs\ShoeLand-v1\ShoeLand-v1\handlers\productHandler\productHandler.php(10): getProducts()
#1 {main}
  thrown in C:\xampp\htdocs\ShoeLand-v1\ShoeLand-v1\handlers\productHandler\productHandler.php on line 75
[07-Jan-2025 08:03:02 Europe/Berlin] PHP Fatal error:  Uncaught Error: Call to a member function prepare() on null in C:\xampp\htdocs\ShoeLand-v1\ShoeLand-v1\handlers\productHandler\productHandler.php:75
Stack trace:
#0 C:\xampp\htdocs\ShoeLand-v1\ShoeLand-v1\handlers\productHandler\productHandler.php(10): getProducts()
#1 {main}
  thrown in C:\xampp\htdocs\ShoeLand-v1\ShoeLand-v1\handlers\productHandler\productHandler.php on line 75
[07-Jan-2025 08:04:30 Europe/Berlin] PHP Fatal error:  Uncaught Error: Call to a member function prepare() on null in C:\xampp\htdocs\ShoeLand-v1\ShoeLand-v1\handlers\productHandler\productHandler.php:75
Stack trace:
#0 C:\xampp\htdocs\ShoeLand-v1\ShoeLand-v1\handlers\productHandler\productHandler.php(10): getProducts()
#1 {main}
  thrown in C:\xampp\htdocs\ShoeLand-v1\ShoeLand-v1\handlers\productHandler\productHandler.php on line 75
[07-Jan-2025 08:04:36 Europe/Berlin] PHP Fatal error:  Uncaught Error: Call to a member function prepare() on null in C:\xampp\htdocs\ShoeLand-v1\ShoeLand-v1\handlers\productHandler\productHandler.php:75
Stack trace:
#0 C:\xampp\htdocs\ShoeLand-v1\ShoeLand-v1\handlers\productHandler\productHandler.php(10): getProducts()
#1 {main}
  thrown in C:\xampp\htdocs\ShoeLand-v1\ShoeLand-v1\handlers\productHandler\productHandler.php on line 75
[07-Jan-2025 09:16:43 Europe/Berlin] PHP Fatal error:  Uncaught Error: Call to a member function prepare() on null in C:\xampp\htdocs\ShoeLand-v1\ShoeLand-v1\handlers\productHandler\productHandler.php:75
Stack trace:
#0 C:\xampp\htdocs\ShoeLand-v1\ShoeLand-v1\handlers\productHandler\productHandler.php(10): getProducts()
#1 {main}
  thrown in C:\xampp\htdocs\ShoeLand-v1\ShoeLand-v1\handlers\productHandler\productHandler.php on line 75
[07-Jan-2025 09:20:58 Europe/Berlin] PHP Fatal error:  Uncaught Error: Call to a member function prepare() on null in C:\xampp\htdocs\ShoeLand-v1\ShoeLand-v1\handlers\productHandler\productHandler.php:75
Stack trace:
#0 C:\xampp\htdocs\ShoeLand-v1\ShoeLand-v1\handlers\productHandler\productHandler.php(10): getProducts()
#1 {main}
  thrown in C:\xampp\htdocs\ShoeLand-v1\ShoeLand-v1\handlers\productHandler\productHandler.php on line 75
[07-Jan-2025 10:24:55 Europe/Berlin] PHP Fatal error:  Uncaught Error: Call to a member function prepare() on null in C:\xampp\htdocs\ShoeLand-v1\ShoeLand-v1\handlers\productHandler\productHandler.php:75
Stack trace:
#0 C:\xampp\htdocs\ShoeLand-v1\ShoeLand-v1\handlers\productHandler\productHandler.php(10): getProducts()
#1 {main}
  thrown in C:\xampp\htdocs\ShoeLand-v1\ShoeLand-v1\handlers\productHandler\productHandler.php on line 75
[07-Jan-2025 10:28:08 Europe/Berlin] PHP Fatal error:  Uncaught Error: Call to a member function prepare() on null in C:\xampp\htdocs\ShoeLand-v1\ShoeLand-v1\handlers\productHandler\productHandler.php:75
Stack trace:
#0 C:\xampp\htdocs\ShoeLand-v1\ShoeLand-v1\handlers\productHandler\productHandler.php(10): getProducts()
#1 {main}
  thrown in C:\xampp\htdocs\ShoeLand-v1\ShoeLand-v1\handlers\productHandler\productHandler.php on line 75
[07-Jan-2025 11:07:41 Europe/Berlin] PHP Fatal error:  Uncaught Error: Call to a member function prepare() on null in C:\xampp\htdocs\ShoeLand-v1\ShoeLand-v1\handlers\productHandler\productHandler.php:75
Stack trace:
#0 C:\xampp\htdocs\ShoeLand-v1\ShoeLand-v1\handlers\productHandler\productHandler.php(10): getProducts()
#1 {main}
  thrown in C:\xampp\htdocs\ShoeLand-v1\ShoeLand-v1\handlers\productHandler\productHandler.php on line 75
[07-Jan-2025 11:08:13 Europe/Berlin] PHP Fatal error:  Uncaught Error: Call to a member function prepare() on null in C:\xampp\htdocs\ShoeLand-v1\ShoeLand-v1\handlers\productHandler\productHandler.php:75
Stack trace:
#0 C:\xampp\htdocs\ShoeLand-v1\ShoeLand-v1\handlers\productHandler\productHandler.php(10): getProducts()
#1 {main}
  thrown in C:\xampp\htdocs\ShoeLand-v1\ShoeLand-v1\handlers\productHandler\productHandler.php on line 75
[07-Jan-2025 11:08:32 Europe/Berlin] PHP Fatal error:  Uncaught ValueError: mysqli_stmt::bind_param(): Argument #1 ($types) cannot be empty in C:\xampp\htdocs\ShoeLand-v1\ShoeLand-v1\handlers\productHandler\productHandler.php:86
Stack trace:
#0 C:\xampp\htdocs\ShoeLand-v1\ShoeLand-v1\handlers\productHandler\productHandler.php(86): mysqli_stmt->bind_param('')
#1 C:\xampp\htdocs\ShoeLand-v1\ShoeLand-v1\handlers\productHandler\productHandler.php(10): getProducts()
#2 {main}
  thrown in C:\xampp\htdocs\ShoeLand-v1\ShoeLand-v1\handlers\productHandler\productHandler.php on line 86
[07-Jan-2025 11:11:33 Europe/Berlin] PHP Fatal error:  Uncaught ValueError: mysqli_stmt::bind_param(): Argument #1 ($types) cannot be empty in C:\xampp\htdocs\ShoeLand-v1\ShoeLand-v1\handlers\productHandler\productHandler.php:91
Stack trace:
#0 C:\xampp\htdocs\ShoeLand-v1\ShoeLand-v1\handlers\productHandler\productHandler.php(91): mysqli_stmt->bind_param('')
#1 C:\xampp\htdocs\ShoeLand-v1\ShoeLand-v1\handlers\productHandler\productHandler.php(10): getProducts()
#2 {main}
  thrown in C:\xampp\htdocs\ShoeLand-v1\ShoeLand-v1\handlers\productHandler\productHandler.php on line 91
[07-Jan-2025 11:38:35 Europe/Berlin] PHP Fatal error:  Uncaught Error: Call to a member function prepare() on null in C:\xampp\htdocs\ShoeLand-v1\ShoeLand-v1\handlers\cartHandler\cartHandler.php:117
Stack trace:
#0 C:\xampp\htdocs\ShoeLand-v1\ShoeLand-v1\handlers\cartHandler\cartHandler.php(37): getProductDetails(1)
#1 C:\xampp\htdocs\ShoeLand-v1\ShoeLand-v1\handlers\cartHandler\cartHandler.php(12): getCart()
#2 {main}
  thrown in C:\xampp\htdocs\ShoeLand-v1\ShoeLand-v1\handlers\cartHandler\cartHandler.php on line 117
[07-Jan-2025 11:38:38 Europe/Berlin] PHP Fatal error:  Uncaught Error: Call to a member function prepare() on null in C:\xampp\htdocs\ShoeLand-v1\ShoeLand-v1\handlers\cartHandler\cartHandler.php:117
Stack trace:
#0 C:\xampp\htdocs\ShoeLand-v1\ShoeLand-v1\handlers\cartHandler\cartHandler.php(37): getProductDetails(1)
#1 C:\xampp\htdocs\ShoeLand-v1\ShoeLand-v1\handlers\cartHandler\cartHandler.php(12): getCart()
#2 {main}
  thrown in C:\xampp\htdocs\ShoeLand-v1\ShoeLand-v1\handlers\cartHandler\cartHandler.php on line 117
[07-Jan-2025 11:39:15 Europe/Berlin] PHP Fatal error:  Uncaught Error: Call to a member function prepare() on null in C:\xampp\htdocs\ShoeLand-v1\ShoeLand-v1\handlers\cartHandler\cartHandler.php:117
Stack trace:
#0 C:\xampp\htdocs\ShoeLand-v1\ShoeLand-v1\handlers\cartHandler\cartHandler.php(37): getProductDetails(1)
#1 C:\xampp\htdocs\ShoeLand-v1\ShoeLand-v1\handlers\cartHandler\cartHandler.php(12): getCart()
#2 {main}
  thrown in C:\xampp\htdocs\ShoeLand-v1\ShoeLand-v1\handlers\cartHandler\cartHandler.php on line 117
[07-Jan-2025 11:39:30 Europe/Berlin] PHP Fatal error:  Uncaught Error: Call to a member function prepare() on null in C:\xampp\htdocs\ShoeLand-v1\ShoeLand-v1\handlers\cartHandler\cartHandler.php:117
Stack trace:
#0 C:\xampp\htdocs\ShoeLand-v1\ShoeLand-v1\handlers\cartHandler\cartHandler.php(37): getProductDetails(1)
#1 C:\xampp\htdocs\ShoeLand-v1\ShoeLand-v1\handlers\cartHandler\cartHandler.php(12): getCart()
#2 {main}
  thrown in C:\xampp\htdocs\ShoeLand-v1\ShoeLand-v1\handlers\cartHandler\cartHandler.php on line 117
[07-Jan-2025 11:40:08 Europe/Berlin] PHP Fatal error:  Uncaught Error: Call to a member function prepare() on null in C:\xampp\htdocs\ShoeLand-v1\ShoeLand-v1\handlers\cartHandler\cartHandler.php:117
Stack trace:
#0 C:\xampp\htdocs\ShoeLand-v1\ShoeLand-v1\handlers\cartHandler\cartHandler.php(37): getProductDetails(1)
#1 C:\xampp\htdocs\ShoeLand-v1\ShoeLand-v1\handlers\cartHandler\cartHandler.php(12): getCart()
#2 {main}
  thrown in C:\xampp\htdocs\ShoeLand-v1\ShoeLand-v1\handlers\cartHandler\cartHandler.php on line 117
[07-Jan-2025 11:40:34 Europe/Berlin] PHP Fatal error:  Uncaught Error: Call to a member function prepare() on null in C:\xampp\htdocs\ShoeLand-v1\ShoeLand-v1\handlers\cartHandler\cartHandler.php:117
Stack trace:
#0 C:\xampp\htdocs\ShoeLand-v1\ShoeLand-v1\handlers\cartHandler\cartHandler.php(37): getProductDetails(1)
#1 C:\xampp\htdocs\ShoeLand-v1\ShoeLand-v1\handlers\cartHandler\cartHandler.php(12): getCart()
#2 {main}
  thrown in C:\xampp\htdocs\ShoeLand-v1\ShoeLand-v1\handlers\cartHandler\cartHandler.php on line 117
[07-Jan-2025 11:40:45 Europe/Berlin] PHP Fatal error:  Uncaught Error: Call to a member function prepare() on null in C:\xampp\htdocs\ShoeLand-v1\ShoeLand-v1\handlers\cartHandler\cartHandler.php:117
Stack trace:
#0 C:\xampp\htdocs\ShoeLand-v1\ShoeLand-v1\handlers\cartHandler\cartHandler.php(37): getProductDetails(1)
#1 C:\xampp\htdocs\ShoeLand-v1\ShoeLand-v1\handlers\cartHandler\cartHandler.php(12): getCart()
#2 {main}
  thrown in C:\xampp\htdocs\ShoeLand-v1\ShoeLand-v1\handlers\cartHandler\cartHandler.php on line 117
[07-Jan-2025 11:54:00 Europe/Berlin] PHP Fatal error:  Uncaught Error: Call to a member function prepare() on null in C:\xampp\htdocs\ShoeLand-v1\ShoeLand-v1\handlers\cartHandler\cartHandler.php:117
Stack trace:
#0 C:\xampp\htdocs\ShoeLand-v1\ShoeLand-v1\handlers\cartHandler\cartHandler.php(37): getProductDetails(1)
#1 C:\xampp\htdocs\ShoeLand-v1\ShoeLand-v1\handlers\cartHandler\cartHandler.php(12): getCart()
#2 {main}
  thrown in C:\xampp\htdocs\ShoeLand-v1\ShoeLand-v1\handlers\cartHandler\cartHandler.php on line 117
[07-Jan-2025 12:49:52 Europe/Berlin] PHP Fatal error:  Uncaught Error: Call to a member function prepare() on null in C:\xampp\htdocs\ShoeLand-v1\ShoeLand-v1\handlers\cartHandler\cartHandler.php:124
Stack trace:
#0 C:\xampp\htdocs\ShoeLand-v1\ShoeLand-v1\handlers\cartHandler\cartHandler.php(37): getProductDetails(1)
#1 C:\xampp\htdocs\ShoeLand-v1\ShoeLand-v1\handlers\cartHandler\cartHandler.php(12): getCart()
#2 {main}
  thrown in C:\xampp\htdocs\ShoeLand-v1\ShoeLand-v1\handlers\cartHandler\cartHandler.php on line 124
[07-Jan-2025 13:04:52 Europe/Berlin] PHP Fatal error:  Uncaught Error: Call to a member function prepare() on null in C:\xampp\htdocs\ShoeLand-v1\ShoeLand-v1\handlers\cartHandler\cartHandler.php:124
Stack trace:
#0 C:\xampp\htdocs\ShoeLand-v1\ShoeLand-v1\handlers\cartHandler\cartHandler.php(37): getProductDetails(1)
#1 C:\xampp\htdocs\ShoeLand-v1\ShoeLand-v1\handlers\cartHandler\cartHandler.php(12): getCart()
#2 {main}
  thrown in C:\xampp\htdocs\ShoeLand-v1\ShoeLand-v1\handlers\cartHandler\cartHandler.php on line 124
[07-Jan-2025 13:04:59 Europe/Berlin] PHP Fatal error:  Uncaught Error: Call to a member function prepare() on null in C:\xampp\htdocs\ShoeLand-v1\ShoeLand-v1\handlers\cartHandler\cartHandler.php:124
Stack trace:
#0 C:\xampp\htdocs\ShoeLand-v1\ShoeLand-v1\handlers\cartHandler\cartHandler.php(37): getProductDetails(1)
#1 C:\xampp\htdocs\ShoeLand-v1\ShoeLand-v1\handlers\cartHandler\cartHandler.php(12): getCart()
#2 {main}
  thrown in C:\xampp\htdocs\ShoeLand-v1\ShoeLand-v1\handlers\cartHandler\cartHandler.php on line 124
[07-Jan-2025 13:05:07 Europe/Berlin] PHP Fatal error:  Uncaught Error: Call to a member function prepare() on null in C:\xampp\htdocs\ShoeLand-v1\ShoeLand-v1\handlers\cartHandler\cartHandler.php:124
Stack trace:
#0 C:\xampp\htdocs\ShoeLand-v1\ShoeLand-v1\handlers\cartHandler\cartHandler.php(37): getProductDetails(1)
#1 C:\xampp\htdocs\ShoeLand-v1\ShoeLand-v1\handlers\cartHandler\cartHandler.php(12): getCart()
#2 {main}
  thrown in C:\xampp\htdocs\ShoeLand-v1\ShoeLand-v1\handlers\cartHandler\cartHandler.php on line 124
[07-Jan-2025 13:05:09 Europe/Berlin] PHP Fatal error:  Uncaught Error: Call to a member function prepare() on null in C:\xampp\htdocs\ShoeLand-v1\ShoeLand-v1\handlers\cartHandler\cartHandler.php:124
Stack trace:
#0 C:\xampp\htdocs\ShoeLand-v1\ShoeLand-v1\handlers\cartHandler\cartHandler.php(37): getProductDetails(1)
#1 C:\xampp\htdocs\ShoeLand-v1\ShoeLand-v1\handlers\cartHandler\cartHandler.php(12): getCart()
#2 {main}
  thrown in C:\xampp\htdocs\ShoeLand-v1\ShoeLand-v1\handlers\cartHandler\cartHandler.php on line 124
[07-Jan-2025 13:05:14 Europe/Berlin] PHP Fatal error:  Uncaught Error: Call to a member function prepare() on null in C:\xampp\htdocs\ShoeLand-v1\ShoeLand-v1\handlers\cartHandler\cartHandler.php:124
Stack trace:
#0 C:\xampp\htdocs\ShoeLand-v1\ShoeLand-v1\handlers\cartHandler\cartHandler.php(37): getProductDetails(1)
#1 C:\xampp\htdocs\ShoeLand-v1\ShoeLand-v1\handlers\cartHandler\cartHandler.php(12): getCart()
#2 {main}
  thrown in C:\xampp\htdocs\ShoeLand-v1\ShoeLand-v1\handlers\cartHandler\cartHandler.php on line 124
[07-Jan-2025 13:05:16 Europe/Berlin] PHP Fatal error:  Uncaught Error: Call to a member function prepare() on null in C:\xampp\htdocs\ShoeLand-v1\ShoeLand-v1\handlers\cartHandler\cartHandler.php:124
Stack trace:
#0 C:\xampp\htdocs\ShoeLand-v1\ShoeLand-v1\handlers\cartHandler\cartHandler.php(37): getProductDetails(1)
#1 C:\xampp\htdocs\ShoeLand-v1\ShoeLand-v1\handlers\cartHandler\cartHandler.php(12): getCart()
#2 {main}
  thrown in C:\xampp\htdocs\ShoeLand-v1\ShoeLand-v1\handlers\cartHandler\cartHandler.php on line 124
[07-Jan-2025 13:05:16 Europe/Berlin] PHP Fatal error:  Uncaught Error: Call to a member function prepare() on null in C:\xampp\htdocs\ShoeLand-v1\ShoeLand-v1\handlers\cartHandler\cartHandler.php:124
Stack trace:
#0 C:\xampp\htdocs\ShoeLand-v1\ShoeLand-v1\handlers\cartHandler\cartHandler.php(37): getProductDetails(1)
#1 C:\xampp\htdocs\ShoeLand-v1\ShoeLand-v1\handlers\cartHandler\cartHandler.php(12): getCart()
#2 {main}
  thrown in C:\xampp\htdocs\ShoeLand-v1\ShoeLand-v1\handlers\cartHandler\cartHandler.php on line 124
[07-Jan-2025 13:05:16 Europe/Berlin] PHP Fatal error:  Uncaught Error: Call to a member function prepare() on null in C:\xampp\htdocs\ShoeLand-v1\ShoeLand-v1\handlers\cartHandler\cartHandler.php:124
Stack trace:
#0 C:\xampp\htdocs\ShoeLand-v1\ShoeLand-v1\handlers\cartHandler\cartHandler.php(37): getProductDetails(1)
#1 C:\xampp\htdocs\ShoeLand-v1\ShoeLand-v1\handlers\cartHandler\cartHandler.php(12): getCart()
#2 {main}
  thrown in C:\xampp\htdocs\ShoeLand-v1\ShoeLand-v1\handlers\cartHandler\cartHandler.php on line 124
[07-Jan-2025 13:05:16 Europe/Berlin] PHP Fatal error:  Uncaught Error: Call to a member function prepare() on null in C:\xampp\htdocs\ShoeLand-v1\ShoeLand-v1\handlers\cartHandler\cartHandler.php:124
Stack trace:
#0 C:\xampp\htdocs\ShoeLand-v1\ShoeLand-v1\handlers\cartHandler\cartHandler.php(37): getProductDetails(1)
#1 C:\xampp\htdocs\ShoeLand-v1\ShoeLand-v1\handlers\cartHandler\cartHandler.php(12): getCart()
#2 {main}
  thrown in C:\xampp\htdocs\ShoeLand-v1\ShoeLand-v1\handlers\cartHandler\cartHandler.php on line 124
[07-Jan-2025 13:05:17 Europe/Berlin] PHP Fatal error:  Uncaught Error: Call to a member function prepare() on null in C:\xampp\htdocs\ShoeLand-v1\ShoeLand-v1\handlers\cartHandler\cartHandler.php:124
Stack trace:
#0 C:\xampp\htdocs\ShoeLand-v1\ShoeLand-v1\handlers\cartHandler\cartHandler.php(37): getProductDetails(1)
#1 C:\xampp\htdocs\ShoeLand-v1\ShoeLand-v1\handlers\cartHandler\cartHandler.php(12): getCart()
#2 {main}
  thrown in C:\xampp\htdocs\ShoeLand-v1\ShoeLand-v1\handlers\cartHandler\cartHandler.php on line 124
[07-Jan-2025 13:05:17 Europe/Berlin] PHP Fatal error:  Uncaught Error: Call to a member function prepare() on null in C:\xampp\htdocs\ShoeLand-v1\ShoeLand-v1\handlers\cartHandler\cartHandler.php:124
Stack trace:
#0 C:\xampp\htdocs\ShoeLand-v1\ShoeLand-v1\handlers\cartHandler\cartHandler.php(37): getProductDetails(1)
#1 C:\xampp\htdocs\ShoeLand-v1\ShoeLand-v1\handlers\cartHandler\cartHandler.php(12): getCart()
#2 {main}
  thrown in C:\xampp\htdocs\ShoeLand-v1\ShoeLand-v1\handlers\cartHandler\cartHandler.php on line 124
[07-Jan-2025 13:11:22 Europe/Berlin] PHP Fatal error:  Uncaught Error: Call to a member function prepare() on null in C:\xampp\htdocs\ShoeLand-v1\ShoeLand-v1\handlers\cartHandler\cartHandler.php:124
Stack trace:
#0 C:\xampp\htdocs\ShoeLand-v1\ShoeLand-v1\handlers\cartHandler\cartHandler.php(37): getProductDetails(1)
#1 C:\xampp\htdocs\ShoeLand-v1\ShoeLand-v1\handlers\cartHandler\cartHandler.php(12): getCart()
#2 {main}
  thrown in C:\xampp\htdocs\ShoeLand-v1\ShoeLand-v1\handlers\cartHandler\cartHandler.php on line 124
[07-Jan-2025 13:11:24 Europe/Berlin] PHP Fatal error:  Uncaught Error: Call to a member function prepare() on null in C:\xampp\htdocs\ShoeLand-v1\ShoeLand-v1\handlers\cartHandler\cartHandler.php:124
Stack trace:
#0 C:\xampp\htdocs\ShoeLand-v1\ShoeLand-v1\handlers\cartHandler\cartHandler.php(37): getProductDetails(1)
#1 C:\xampp\htdocs\ShoeLand-v1\ShoeLand-v1\handlers\cartHandler\cartHandler.php(12): getCart()
#2 {main}
  thrown in C:\xampp\htdocs\ShoeLand-v1\ShoeLand-v1\handlers\cartHandler\cartHandler.php on line 124
[07-Jan-2025 13:11:27 Europe/Berlin] PHP Fatal error:  Uncaught Error: Call to a member function prepare() on null in C:\xampp\htdocs\ShoeLand-v1\ShoeLand-v1\handlers\cartHandler\cartHandler.php:124
Stack trace:
#0 C:\xampp\htdocs\ShoeLand-v1\ShoeLand-v1\handlers\cartHandler\cartHandler.php(37): getProductDetails(1)
#1 C:\xampp\htdocs\ShoeLand-v1\ShoeLand-v1\handlers\cartHandler\cartHandler.php(12): getCart()
#2 {main}
  thrown in C:\xampp\htdocs\ShoeLand-v1\ShoeLand-v1\handlers\cartHandler\cartHandler.php on line 124
[07-Jan-2025 13:11:37 Europe/Berlin] PHP Fatal error:  Uncaught Error: Call to a member function prepare() on null in C:\xampp\htdocs\ShoeLand-v1\ShoeLand-v1\handlers\cartHandler\cartHandler.php:124
Stack trace:
#0 C:\xampp\htdocs\ShoeLand-v1\ShoeLand-v1\handlers\cartHandler\cartHandler.php(37): getProductDetails(1)
#1 C:\xampp\htdocs\ShoeLand-v1\ShoeLand-v1\handlers\cartHandler\cartHandler.php(12): getCart()
#2 {main}
  thrown in C:\xampp\htdocs\ShoeLand-v1\ShoeLand-v1\handlers\cartHandler\cartHandler.php on line 124
[07-Jan-2025 13:11:43 Europe/Berlin] PHP Fatal error:  Uncaught Error: Call to a member function prepare() on null in C:\xampp\htdocs\ShoeLand-v1\ShoeLand-v1\handlers\cartHandler\cartHandler.php:124
Stack trace:
#0 C:\xampp\htdocs\ShoeLand-v1\ShoeLand-v1\handlers\cartHandler\cartHandler.php(37): getProductDetails(1)
#1 C:\xampp\htdocs\ShoeLand-v1\ShoeLand-v1\handlers\cartHandler\cartHandler.php(12): getCart()
#2 {main}
  thrown in C:\xampp\htdocs\ShoeLand-v1\ShoeLand-v1\handlers\cartHandler\cartHandler.php on line 124
[07-Jan-2025 13:12:42 Europe/Berlin] PHP Fatal error:  Uncaught Error: Call to a member function prepare() on null in C:\xampp\htdocs\ShoeLand-v1\ShoeLand-v1\handlers\cartHandler\cartHandler.php:124
Stack trace:
#0 C:\xampp\htdocs\ShoeLand-v1\ShoeLand-v1\handlers\cartHandler\cartHandler.php(37): getProductDetails(1)
#1 C:\xampp\htdocs\ShoeLand-v1\ShoeLand-v1\handlers\cartHandler\cartHandler.php(12): getCart()
#2 {main}
  thrown in C:\xampp\htdocs\ShoeLand-v1\ShoeLand-v1\handlers\cartHandler\cartHandler.php on line 124
[07-Jan-2025 13:40:30 Europe/Berlin] PHP Fatal error:  Uncaught Error: Call to a member function prepare() on null in C:\xampp\htdocs\ShoeLand-v1\ShoeLand-v1\handlers\cartHandler\cartHandler.php:123
Stack trace:
#0 C:\xampp\htdocs\ShoeLand-v1\ShoeLand-v1\handlers\cartHandler\cartHandler.php(37): getProductDetails(1)
#1 C:\xampp\htdocs\ShoeLand-v1\ShoeLand-v1\handlers\cartHandler\cartHandler.php(12): getCart()
#2 {main}
  thrown in C:\xampp\htdocs\ShoeLand-v1\ShoeLand-v1\handlers\cartHandler\cartHandler.php on line 123
[07-Jan-2025 13:41:35 Europe/Berlin] PHP Fatal error:  Uncaught Error: Call to a member function prepare() on null in C:\xampp\htdocs\ShoeLand-v1\ShoeLand-v1\handlers\cartHandler\cartHandler.php:123
Stack trace:
#0 C:\xampp\htdocs\ShoeLand-v1\ShoeLand-v1\handlers\cartHandler\cartHandler.php(37): getProductDetails(1)
#1 C:\xampp\htdocs\ShoeLand-v1\ShoeLand-v1\handlers\cartHandler\cartHandler.php(12): getCart()
#2 {main}
  thrown in C:\xampp\htdocs\ShoeLand-v1\ShoeLand-v1\handlers\cartHandler\cartHandler.php on line 123
[07-Jan-2025 13:41:36 Europe/Berlin] PHP Fatal error:  Uncaught Error: Call to a member function prepare() on null in C:\xampp\htdocs\ShoeLand-v1\ShoeLand-v1\handlers\cartHandler\cartHandler.php:123
Stack trace:
#0 C:\xampp\htdocs\ShoeLand-v1\ShoeLand-v1\handlers\cartHandler\cartHandler.php(37): getProductDetails(1)
#1 C:\xampp\htdocs\ShoeLand-v1\ShoeLand-v1\handlers\cartHandler\cartHandler.php(12): getCart()
#2 {main}
  thrown in C:\xampp\htdocs\ShoeLand-v1\ShoeLand-v1\handlers\cartHandler\cartHandler.php on line 123
[07-Jan-2025 13:41:41 Europe/Berlin] PHP Fatal error:  Uncaught Error: Call to a member function prepare() on null in C:\xampp\htdocs\ShoeLand-v1\ShoeLand-v1\handlers\cartHandler\cartHandler.php:123
Stack trace:
#0 C:\xampp\htdocs\ShoeLand-v1\ShoeLand-v1\handlers\cartHandler\cartHandler.php(37): getProductDetails(1)
#1 C:\xampp\htdocs\ShoeLand-v1\ShoeLand-v1\handlers\cartHandler\cartHandler.php(12): getCart()
#2 {main}
  thrown in C:\xampp\htdocs\ShoeLand-v1\ShoeLand-v1\handlers\cartHandler\cartHandler.php on line 123
[07-Jan-2025 14:04:12 Europe/Berlin] PHP Fatal error:  Uncaught Error: Call to a member function prepare() on null in C:\xampp\htdocs\ShoeLand-v1\ShoeLand-v1\handlers\cartHandler\cartHandler.php:132
Stack trace:
#0 C:\xampp\htdocs\ShoeLand-v1\ShoeLand-v1\handlers\cartHandler\cartHandler.php(46): getProductDetails(1)
#1 C:\xampp\htdocs\ShoeLand-v1\ShoeLand-v1\handlers\cartHandler\cartHandler.php(20): getCart()
#2 {main}
  thrown in C:\xampp\htdocs\ShoeLand-v1\ShoeLand-v1\handlers\cartHandler\cartHandler.php on line 132
[07-Jan-2025 14:04:16 Europe/Berlin] PHP Fatal error:  Uncaught Error: Call to a member function prepare() on null in C:\xampp\htdocs\ShoeLand-v1\ShoeLand-v1\handlers\cartHandler\cartHandler.php:132
Stack trace:
#0 C:\xampp\htdocs\ShoeLand-v1\ShoeLand-v1\handlers\cartHandler\cartHandler.php(46): getProductDetails(1)
#1 C:\xampp\htdocs\ShoeLand-v1\ShoeLand-v1\handlers\cartHandler\cartHandler.php(20): getCart()
#2 {main}
  thrown in C:\xampp\htdocs\ShoeLand-v1\ShoeLand-v1\handlers\cartHandler\cartHandler.php on line 132
[07-Jan-2025 14:13:05 Europe/Berlin] PHP Fatal error:  Uncaught Error: Call to a member function prepare() on null in C:\xampp\htdocs\ShoeLand-v1\ShoeLand-v1\handlers\cartHandler\cartHandler.php:132
Stack trace:
#0 C:\xampp\htdocs\ShoeLand-v1\ShoeLand-v1\handlers\cartHandler\cartHandler.php(46): getProductDetails(1)
#1 C:\xampp\htdocs\ShoeLand-v1\ShoeLand-v1\handlers\cartHandler\cartHandler.php(20): getCart()
#2 {main}
  thrown in C:\xampp\htdocs\ShoeLand-v1\ShoeLand-v1\handlers\cartHandler\cartHandler.php on line 132
[07-Jan-2025 14:14:05 Europe/Berlin] PHP Fatal error:  Uncaught Error: Call to a member function prepare() on null in C:\xampp\htdocs\ShoeLand-v1\ShoeLand-v1\handlers\cartHandler\cartHandler.php:132
Stack trace:
#0 C:\xampp\htdocs\ShoeLand-v1\ShoeLand-v1\handlers\cartHandler\cartHandler.php(46): getProductDetails(1)
#1 C:\xampp\htdocs\ShoeLand-v1\ShoeLand-v1\handlers\cartHandler\cartHandler.php(20): getCart()
#2 {main}
  thrown in C:\xampp\htdocs\ShoeLand-v1\ShoeLand-v1\handlers\cartHandler\cartHandler.php on line 132
[07-Jan-2025 14:25:01 Europe/Berlin] PHP Fatal error:  Uncaught Error: Call to a member function prepare() on null in C:\xampp\htdocs\ShoeLand-v1\ShoeLand-v1\handlers\cartHandler\cartHandler.php:132
Stack trace:
#0 C:\xampp\htdocs\ShoeLand-v1\ShoeLand-v1\handlers\cartHandler\cartHandler.php(46): getProductDetails(1)
#1 C:\xampp\htdocs\ShoeLand-v1\ShoeLand-v1\handlers\cartHandler\cartHandler.php(20): getCart()
#2 {main}
  thrown in C:\xampp\htdocs\ShoeLand-v1\ShoeLand-v1\handlers\cartHandler\cartHandler.php on line 132
[07-Jan-2025 14:29:43 Europe/Berlin] PHP Fatal error:  Uncaught Error: Call to a member function prepare() on null in C:\xampp\htdocs\ShoeLand-v1\ShoeLand-v1\handlers\cartHandler\cartHandler.php:20
Stack trace:
#0 C:\xampp\htdocs\ShoeLand-v1\ShoeLand-v1\handlers\cartHandler\cartHandler.php(41): getProductDetails(1)
#1 C:\xampp\htdocs\ShoeLand-v1\ShoeLand-v1\handlers\cartHandler\cartHandler.php(127): getCart()
#2 {main}
  thrown in C:\xampp\htdocs\ShoeLand-v1\ShoeLand-v1\handlers\cartHandler\cartHandler.php on line 20
[07-Jan-2025 14:29:50 Europe/Berlin] PHP Fatal error:  Uncaught Error: Call to a member function prepare() on null in C:\xampp\htdocs\ShoeLand-v1\ShoeLand-v1\handlers\cartHandler\cartHandler.php:20
Stack trace:
#0 C:\xampp\htdocs\ShoeLand-v1\ShoeLand-v1\handlers\cartHandler\cartHandler.php(41): getProductDetails(1)
#1 C:\xampp\htdocs\ShoeLand-v1\ShoeLand-v1\handlers\cartHandler\cartHandler.php(127): getCart()
#2 {main}
  thrown in C:\xampp\htdocs\ShoeLand-v1\ShoeLand-v1\handlers\cartHandler\cartHandler.php on line 20
[07-Jan-2025 15:18:04 Europe/Berlin] PHP Fatal error:  Uncaught Error: Call to a member function prepare() on null in C:\xampp\htdocs\ShoeLand-v1\ShoeLand-v1\handlers\cartHandler\cartHandler.php:20
Stack trace:
#0 C:\xampp\htdocs\ShoeLand-v1\ShoeLand-v1\handlers\cartHandler\cartHandler.php(41): getProductDetails(1)
#1 C:\xampp\htdocs\ShoeLand-v1\ShoeLand-v1\handlers\cartHandler\cartHandler.php(127): getCart()
#2 {main}
  thrown in C:\xampp\htdocs\ShoeLand-v1\ShoeLand-v1\handlers\cartHandler\cartHandler.php on line 20
[07-Jan-2025 15:18:07 Europe/Berlin] PHP Fatal error:  Uncaught Error: Call to a member function prepare() on null in C:\xampp\htdocs\ShoeLand-v1\ShoeLand-v1\handlers\cartHandler\cartHandler.php:20
Stack trace:
#0 C:\xampp\htdocs\ShoeLand-v1\ShoeLand-v1\handlers\cartHandler\cartHandler.php(41): getProductDetails(1)
#1 C:\xampp\htdocs\ShoeLand-v1\ShoeLand-v1\handlers\cartHandler\cartHandler.php(127): getCart()
#2 {main}
  thrown in C:\xampp\htdocs\ShoeLand-v1\ShoeLand-v1\handlers\cartHandler\cartHandler.php on line 20
[07-Jan-2025 15:18:07 Europe/Berlin] PHP Fatal error:  Uncaught Error: Call to a member function prepare() on null in C:\xampp\htdocs\ShoeLand-v1\ShoeLand-v1\handlers\cartHandler\cartHandler.php:20
Stack trace:
#0 C:\xampp\htdocs\ShoeLand-v1\ShoeLand-v1\handlers\cartHandler\cartHandler.php(41): getProductDetails(1)
#1 C:\xampp\htdocs\ShoeLand-v1\ShoeLand-v1\handlers\cartHandler\cartHandler.php(127): getCart()
#2 {main}
  thrown in C:\xampp\htdocs\ShoeLand-v1\ShoeLand-v1\handlers\cartHandler\cartHandler.php on line 20
[07-Jan-2025 15:50:17 Europe/Berlin] PHP Fatal error:  Uncaught Error: Call to a member function prepare() on null in C:\xampp\htdocs\ShoeLand-v1\ShoeLand-v1\handlers\cartHandler\cartHandler.php:24
Stack trace:
#0 C:\xampp\htdocs\ShoeLand-v1\ShoeLand-v1\handlers\cartHandler\cartHandler.php(45): getProductDetails(1)
#1 C:\xampp\htdocs\ShoeLand-v1\ShoeLand-v1\handlers\cartHandler\cartHandler.php(131): getCart()
#2 {main}
  thrown in C:\xampp\htdocs\ShoeLand-v1\ShoeLand-v1\handlers\cartHandler\cartHandler.php on line 24
[07-Jan-2025 15:52:15 Europe/Berlin] PHP Fatal error:  Uncaught Error: Call to a member function prepare() on null in C:\xampp\htdocs\ShoeLand-v1\ShoeLand-v1\handlers\cartHandler\cartHandler.php:24
Stack trace:
#0 C:\xampp\htdocs\ShoeLand-v1\ShoeLand-v1\handlers\cartHandler\cartHandler.php(45): getProductDetails(1)
#1 C:\xampp\htdocs\ShoeLand-v1\ShoeLand-v1\handlers\cartHandler\cartHandler.php(131): getCart()
#2 {main}
  thrown in C:\xampp\htdocs\ShoeLand-v1\ShoeLand-v1\handlers\cartHandler\cartHandler.php on line 24
[08-Jan-2025 05:06:13 Europe/Berlin] PHP Fatal error:  Uncaught Error: Call to a member function prepare() on null in C:\xampp\htdocs\ShoeLand-v1\ShoeLand-v1\handlers\cartHandler\cartHandler.php:24
Stack trace:
#0 C:\xampp\htdocs\ShoeLand-v1\ShoeLand-v1\handlers\cartHandler\cartHandler.php(45): getProductDetails(1)
#1 C:\xampp\htdocs\ShoeLand-v1\ShoeLand-v1\handlers\cartHandler\cartHandler.php(131): getCart()
#2 {main}
  thrown in C:\xampp\htdocs\ShoeLand-v1\ShoeLand-v1\handlers\cartHandler\cartHandler.php on line 24
[08-Jan-2025 05:07:54 Europe/Berlin] PHP Fatal error:  Uncaught Error: Call to a member function prepare() on null in C:\xampp\htdocs\ShoeLand-v1\ShoeLand-v1\handlers\cartHandler\cartHandler.php:24
Stack trace:
#0 C:\xampp\htdocs\ShoeLand-v1\ShoeLand-v1\handlers\cartHandler\cartHandler.php(45): getProductDetails(1)
#1 C:\xampp\htdocs\ShoeLand-v1\ShoeLand-v1\handlers\cartHandler\cartHandler.php(131): getCart()
#2 {main}
  thrown in C:\xampp\htdocs\ShoeLand-v1\ShoeLand-v1\handlers\cartHandler\cartHandler.php on line 24
[08-Jan-2025 05:09:23 Europe/Berlin] PHP Fatal error:  Uncaught Error: Call to a member function prepare() on null in C:\xampp\htdocs\ShoeLand-v1\ShoeLand-v1\handlers\cartHandler\cartHandler.php:24
Stack trace:
#0 C:\xampp\htdocs\ShoeLand-v1\ShoeLand-v1\handlers\cartHandler\cartHandler.php(45): getProductDetails(1)
#1 C:\xampp\htdocs\ShoeLand-v1\ShoeLand-v1\handlers\cartHandler\cartHandler.php(131): getCart()
#2 {main}
  thrown in C:\xampp\htdocs\ShoeLand-v1\ShoeLand-v1\handlers\cartHandler\cartHandler.php on line 24
[08-Jan-2025 05:09:54 Europe/Berlin] PHP Fatal error:  Uncaught Error: Call to a member function prepare() on null in C:\xampp\htdocs\ShoeLand-v1\ShoeLand-v1\handlers\cartHandler\cartHandler.php:24
Stack trace:
#0 C:\xampp\htdocs\ShoeLand-v1\ShoeLand-v1\handlers\cartHandler\cartHandler.php(45): getProductDetails(1)
#1 C:\xampp\htdocs\ShoeLand-v1\ShoeLand-v1\handlers\cartHandler\cartHandler.php(131): getCart()
#2 {main}
  thrown in C:\xampp\htdocs\ShoeLand-v1\ShoeLand-v1\handlers\cartHandler\cartHandler.php on line 24
[08-Jan-2025 05:12:32 Europe/Berlin] PHP Fatal error:  Uncaught Error: Call to a member function prepare() on null in C:\xampp\htdocs\ShoeLand-v1\ShoeLand-v1\handlers\cartHandler\cartHandler.php:24
Stack trace:
#0 C:\xampp\htdocs\ShoeLand-v1\ShoeLand-v1\handlers\cartHandler\cartHandler.php(45): getProductDetails(1)
#1 C:\xampp\htdocs\ShoeLand-v1\ShoeLand-v1\handlers\cartHandler\cartHandler.php(131): getCart()
#2 {main}
  thrown in C:\xampp\htdocs\ShoeLand-v1\ShoeLand-v1\handlers\cartHandler\cartHandler.php on line 24
[08-Jan-2025 05:14:16 Europe/Berlin] PHP Fatal error:  Uncaught Error: Call to a member function prepare() on null in C:\xampp\htdocs\ShoeLand-v1\ShoeLand-v1\handlers\cartHandler\cartHandler.php:24
Stack trace:
#0 C:\xampp\htdocs\ShoeLand-v1\ShoeLand-v1\handlers\cartHandler\cartHandler.php(45): getProductDetails(1)
#1 C:\xampp\htdocs\ShoeLand-v1\ShoeLand-v1\handlers\cartHandler\cartHandler.php(131): getCart()
#2 {main}
  thrown in C:\xampp\htdocs\ShoeLand-v1\ShoeLand-v1\handlers\cartHandler\cartHandler.php on line 24
[08-Jan-2025 05:14:27 Europe/Berlin] PHP Fatal error:  Uncaught Error: Call to a member function prepare() on null in C:\xampp\htdocs\ShoeLand-v1\ShoeLand-v1\handlers\cartHandler\cartHandler.php:24
Stack trace:
#0 C:\xampp\htdocs\ShoeLand-v1\ShoeLand-v1\handlers\cartHandler\cartHandler.php(45): getProductDetails(1)
#1 C:\xampp\htdocs\ShoeLand-v1\ShoeLand-v1\handlers\cartHandler\cartHandler.php(131): getCart()
#2 {main}
  thrown in C:\xampp\htdocs\ShoeLand-v1\ShoeLand-v1\handlers\cartHandler\cartHandler.php on line 24
[08-Jan-2025 05:14:52 Europe/Berlin] PHP Fatal error:  Uncaught Error: Call to a member function prepare() on null in C:\xampp\htdocs\ShoeLand-v1\ShoeLand-v1\handlers\cartHandler\cartHandler.php:24
Stack trace:
#0 C:\xampp\htdocs\ShoeLand-v1\ShoeLand-v1\handlers\cartHandler\cartHandler.php(45): getProductDetails(1)
#1 C:\xampp\htdocs\ShoeLand-v1\ShoeLand-v1\handlers\cartHandler\cartHandler.php(131): getCart()
#2 {main}
  thrown in C:\xampp\htdocs\ShoeLand-v1\ShoeLand-v1\handlers\cartHandler\cartHandler.php on line 24
[08-Jan-2025 05:14:56 Europe/Berlin] PHP Fatal error:  Uncaught Error: Call to a member function prepare() on null in C:\xampp\htdocs\ShoeLand-v1\ShoeLand-v1\handlers\cartHandler\cartHandler.php:24
Stack trace:
#0 C:\xampp\htdocs\ShoeLand-v1\ShoeLand-v1\handlers\cartHandler\cartHandler.php(45): getProductDetails(1)
#1 C:\xampp\htdocs\ShoeLand-v1\ShoeLand-v1\handlers\cartHandler\cartHandler.php(131): getCart()
#2 {main}
  thrown in C:\xampp\htdocs\ShoeLand-v1\ShoeLand-v1\handlers\cartHandler\cartHandler.php on line 24
[08-Jan-2025 05:15:24 Europe/Berlin] PHP Fatal error:  Uncaught Error: Call to a member function prepare() on null in C:\xampp\htdocs\ShoeLand-v1\ShoeLand-v1\handlers\cartHandler\cartHandler.php:24
Stack trace:
#0 C:\xampp\htdocs\ShoeLand-v1\ShoeLand-v1\handlers\cartHandler\cartHandler.php(45): getProductDetails(1)
#1 C:\xampp\htdocs\ShoeLand-v1\ShoeLand-v1\handlers\cartHandler\cartHandler.php(131): getCart()
#2 {main}
  thrown in C:\xampp\htdocs\ShoeLand-v1\ShoeLand-v1\handlers\cartHandler\cartHandler.php on line 24
[08-Jan-2025 05:15:52 Europe/Berlin] PHP Fatal error:  Uncaught Error: Call to a member function prepare() on null in C:\xampp\htdocs\ShoeLand-v1\ShoeLand-v1\handlers\cartHandler\cartHandler.php:24
Stack trace:
#0 C:\xampp\htdocs\ShoeLand-v1\ShoeLand-v1\handlers\cartHandler\cartHandler.php(45): getProductDetails(1)
#1 C:\xampp\htdocs\ShoeLand-v1\ShoeLand-v1\handlers\cartHandler\cartHandler.php(131): getCart()
#2 {main}
  thrown in C:\xampp\htdocs\ShoeLand-v1\ShoeLand-v1\handlers\cartHandler\cartHandler.php on line 24
[08-Jan-2025 05:15:53 Europe/Berlin] PHP Fatal error:  Uncaught Error: Call to a member function prepare() on null in C:\xampp\htdocs\ShoeLand-v1\ShoeLand-v1\handlers\cartHandler\cartHandler.php:24
Stack trace:
#0 C:\xampp\htdocs\ShoeLand-v1\ShoeLand-v1\handlers\cartHandler\cartHandler.php(45): getProductDetails(1)
#1 C:\xampp\htdocs\ShoeLand-v1\ShoeLand-v1\handlers\cartHandler\cartHandler.php(131): getCart()
#2 {main}
  thrown in C:\xampp\htdocs\ShoeLand-v1\ShoeLand-v1\handlers\cartHandler\cartHandler.php on line 24
[08-Jan-2025 05:15:58 Europe/Berlin] PHP Fatal error:  Uncaught Error: Call to a member function prepare() on null in C:\xampp\htdocs\ShoeLand-v1\ShoeLand-v1\handlers\cartHandler\cartHandler.php:24
Stack trace:
#0 C:\xampp\htdocs\ShoeLand-v1\ShoeLand-v1\handlers\cartHandler\cartHandler.php(45): getProductDetails(1)
#1 C:\xampp\htdocs\ShoeLand-v1\ShoeLand-v1\handlers\cartHandler\cartHandler.php(131): getCart()
#2 {main}
  thrown in C:\xampp\htdocs\ShoeLand-v1\ShoeLand-v1\handlers\cartHandler\cartHandler.php on line 24
[08-Jan-2025 05:30:13 Europe/Berlin] PHP Fatal error:  Uncaught Error: Call to a member function prepare() on null in C:\xampp\htdocs\ShoeLand-v1\ShoeLand-v1\handlers\cartHandler\cartHandler.php:24
Stack trace:
#0 C:\xampp\htdocs\ShoeLand-v1\ShoeLand-v1\handlers\cartHandler\cartHandler.php(45): getProductDetails(1)
#1 C:\xampp\htdocs\ShoeLand-v1\ShoeLand-v1\handlers\cartHandler\cartHandler.php(131): getCart()
#2 {main}
  thrown in C:\xampp\htdocs\ShoeLand-v1\ShoeLand-v1\handlers\cartHandler\cartHandler.php on line 24
[08-Jan-2025 05:30:17 Europe/Berlin] PHP Fatal error:  Uncaught Error: Call to a member function prepare() on null in C:\xampp\htdocs\ShoeLand-v1\ShoeLand-v1\handlers\cartHandler\cartHandler.php:24
Stack trace:
#0 C:\xampp\htdocs\ShoeLand-v1\ShoeLand-v1\handlers\cartHandler\cartHandler.php(45): getProductDetails(1)
#1 C:\xampp\htdocs\ShoeLand-v1\ShoeLand-v1\handlers\cartHandler\cartHandler.php(131): getCart()
#2 {main}
  thrown in C:\xampp\htdocs\ShoeLand-v1\ShoeLand-v1\handlers\cartHandler\cartHandler.php on line 24
[08-Jan-2025 05:30:22 Europe/Berlin] PHP Fatal error:  Uncaught Error: Call to a member function prepare() on null in C:\xampp\htdocs\ShoeLand-v1\ShoeLand-v1\handlers\cartHandler\cartHandler.php:24
Stack trace:
#0 C:\xampp\htdocs\ShoeLand-v1\ShoeLand-v1\handlers\cartHandler\cartHandler.php(45): getProductDetails(1)
#1 C:\xampp\htdocs\ShoeLand-v1\ShoeLand-v1\handlers\cartHandler\cartHandler.php(131): getCart()
#2 {main}
  thrown in C:\xampp\htdocs\ShoeLand-v1\ShoeLand-v1\handlers\cartHandler\cartHandler.php on line 24
[08-Jan-2025 05:31:05 Europe/Berlin] PHP Fatal error:  Uncaught Error: Call to a member function prepare() on null in C:\xampp\htdocs\ShoeLand-v1\ShoeLand-v1\handlers\cartHandler\cartHandler.php:24
Stack trace:
#0 C:\xampp\htdocs\ShoeLand-v1\ShoeLand-v1\handlers\cartHandler\cartHandler.php(45): getProductDetails(1)
#1 C:\xampp\htdocs\ShoeLand-v1\ShoeLand-v1\handlers\cartHandler\cartHandler.php(131): getCart()
#2 {main}
  thrown in C:\xampp\htdocs\ShoeLand-v1\ShoeLand-v1\handlers\cartHandler\cartHandler.php on line 24
[08-Jan-2025 05:32:26 Europe/Berlin] PHP Fatal error:  Uncaught Error: Call to a member function prepare() on null in C:\xampp\htdocs\ShoeLand-v1\ShoeLand-v1\handlers\cartHandler\cartHandler.php:24
Stack trace:
#0 C:\xampp\htdocs\ShoeLand-v1\ShoeLand-v1\handlers\cartHandler\cartHandler.php(45): getProductDetails(1)
#1 C:\xampp\htdocs\ShoeLand-v1\ShoeLand-v1\handlers\cartHandler\cartHandler.php(131): getCart()
#2 {main}
  thrown in C:\xampp\htdocs\ShoeLand-v1\ShoeLand-v1\handlers\cartHandler\cartHandler.php on line 24
[09-Feb-2025 14:05:39 UTC] PHP Fatal error:  Uncaught mysqli_sql_exception: Access denied for user 'root'@'localhost' (using password: NO) in /Applications/MAMP/htdocs/ShoeLand-eCommerce/dbconfig/db_config.php:20
Stack trace:
#0 /Applications/MAMP/htdocs/ShoeLand-eCommerce/dbconfig/db_config.php(20): mysqli->__construct('localhost', 'root', Object(SensitiveParameterValue), 'ShoeLand')
#1 /Applications/MAMP/htdocs/ShoeLand-eCommerce/handlers/productHandler/productHandler.php(2): require_once('/Applications/M...')
#2 {main}
  thrown in /Applications/MAMP/htdocs/ShoeLand-eCommerce/dbconfig/db_config.php on line 20
[09-Feb-2025 14:05:39 UTC] PHP Fatal error:  Uncaught mysqli_sql_exception: Access denied for user 'root'@'localhost' (using password: NO) in /Applications/MAMP/htdocs/ShoeLand-eCommerce/dbconfig/db_config.php:20
Stack trace:
#0 /Applications/MAMP/htdocs/ShoeLand-eCommerce/dbconfig/db_config.php(20): mysqli->__construct('localhost', 'root', Object(SensitiveParameterValue), 'ShoeLand')
#1 /Applications/MAMP/htdocs/ShoeLand-eCommerce/handlers/cartHandler/cartHandler.php(9): require_once('/Applications/M...')
#2 {main}
  thrown in /Applications/MAMP/htdocs/ShoeLand-eCommerce/dbconfig/db_config.php on line 20
[09-Feb-2025 14:06:27 UTC] PHP Fatal error:  Uncaught mysqli_sql_exception: Access denied for user 'root'@'localhost' (using password: NO) in /Applications/MAMP/htdocs/ShoeLand-eCommerce/dbconfig/db_config.php:20
Stack trace:
#0 /Applications/MAMP/htdocs/ShoeLand-eCommerce/dbconfig/db_config.php(20): mysqli->__construct('localhost', 'root', Object(SensitiveParameterValue), 'ShoeLand')
#1 /Applications/MAMP/htdocs/ShoeLand-eCommerce/handlers/productHandler/productHandler.php(2): require_once('/Applications/M...')
#2 {main}
  thrown in /Applications/MAMP/htdocs/ShoeLand-eCommerce/dbconfig/db_config.php on line 20
[09-Feb-2025 14:06:27 UTC] PHP Fatal error:  Uncaught mysqli_sql_exception: Access denied for user 'root'@'localhost' (using password: NO) in /Applications/MAMP/htdocs/ShoeLand-eCommerce/dbconfig/db_config.php:20
Stack trace:
#0 /Applications/MAMP/htdocs/ShoeLand-eCommerce/dbconfig/db_config.php(20): mysqli->__construct('localhost', 'root', Object(SensitiveParameterValue), 'ShoeLand')
#1 /Applications/MAMP/htdocs/ShoeLand-eCommerce/handlers/cartHandler/cartHandler.php(9): require_once('/Applications/M...')
#2 {main}
  thrown in /Applications/MAMP/htdocs/ShoeLand-eCommerce/dbconfig/db_config.php on line 20
